  [1m[35m (9.3ms)[0m  [1m[35mCREATE TABLE "schema_migrations" ("version" character varying PRIMARY KEY)[0m
  [1m[35m (5.3ms)[0m  [1m[35mCREATE TABLE "ar_internal_metadata" ("key" character varying PRIMARY KEY, "value" character varying, "created_at" timestamp NOT NULL, "updated_at" timestamp NOT NULL)[0m
  [1m[35m (0.3ms)[0m  [1m[34mSELECT pg_try_advisory_lock(5027446685420517225);[0m
  [1m[36mActiveRecord::SchemaMigration Load (0.5ms)[0m  [1m[34mSELECT "schema_migrations".* FROM "schema_migrations"[0m
Migrating to CreateTodos (20161020081130)
  [1m[35m (0.2ms)[0m  [1m[35mBEGIN[0m
  [1m[35m (13.9ms)[0m  [1m[35mCREATE TABLE "todos" ("id" serial primary key, "title" character varying, "completed" boolean DEFAULT 'f' NOT NULL, "created_at" timestamp NOT NULL, "updated_at" timestamp NOT NULL)[0m
  [1m[35mSQL (0.4ms)[0m  [1m[32mINSERT INTO "schema_migrations" ("version") VALUES ($1) RETURNING "version"[0m  [["version", "20161020081130"]]
  [1m[35m (2.4ms)[0m  [1m[35mCOMMIT[0m
  [1m[36mActiveRecord::InternalMetadata Load (0.6ms)[0m  [1m[34mSELECT  "ar_internal_metadata".* FROM "ar_internal_metadata" WHERE "ar_internal_metadata"."key" = $1 LIMIT $2[0m  [["key", :environment], ["LIMIT", 1]]
  [1m[35m (0.2ms)[0m  [1m[35mBEGIN[0m
  [1m[35mSQL (0.4ms)[0m  [1m[32mINSERT INTO "ar_internal_metadata" ("key", "value", "created_at", "updated_at") VALUES ($1, $2, $3, $4) RETURNING "key"[0m  [["key", "environment"], ["value", "development"], ["created_at", 2016-10-20 08:18:12 UTC], ["updated_at", 2016-10-20 08:18:12 UTC]]
  [1m[35m (2.0ms)[0m  [1m[35mCOMMIT[0m
  [1m[35m (0.2ms)[0m  [1m[34mSELECT pg_advisory_unlock(5027446685420517225)[0m
  [1m[36mActiveRecord::SchemaMigration Load (0.2ms)[0m  [1m[34mSELECT "schema_migrations".* FROM "schema_migrations"[0m
  [1m[35m (2.2ms)[0m  [1m[34mSELECT t2.oid::regclass::text AS to_table, a1.attname AS column, a2.attname AS primary_key, c.conname AS name, c.confupdtype AS on_update, c.confdeltype AS on_delete
FROM pg_constraint c
JOIN pg_class t1 ON c.conrelid = t1.oid
JOIN pg_class t2 ON c.confrelid = t2.oid
JOIN pg_attribute a1 ON a1.attnum = c.conkey[1] AND a1.attrelid = t1.oid
JOIN pg_attribute a2 ON a2.attnum = c.confkey[1] AND a2.attrelid = t2.oid
JOIN pg_namespace t3 ON c.connamespace = t3.oid
WHERE c.contype = 'f'
  AND t1.relname = 'todos'
  AND t3.nspname = ANY (current_schemas(false))
ORDER BY c.conname
[0m
  [1m[36mActiveRecord::SchemaMigration Load (0.5ms)[0m  [1m[34mSELECT "schema_migrations".* FROM "schema_migrations"[0m
  [1m[35m (0.2ms)[0m  [1m[35mBEGIN[0m
  [1m[35mSQL (0.7ms)[0m  [1m[32mINSERT INTO "todos" ("title", "completed", "created_at", "updated_at") VALUES ($1, $2, $3, $4) RETURNING "id"[0m  [["title", "Sweep the floor"], ["completed", true], ["created_at", 2016-10-20 08:19:03 UTC], ["updated_at", 2016-10-20 08:19:03 UTC]]
  [1m[35m (2.2ms)[0m  [1m[35mCOMMIT[0m
  [1m[35m (0.1ms)[0m  [1m[35mBEGIN[0m
  [1m[35mSQL (0.3ms)[0m  [1m[32mINSERT INTO "todos" ("title", "created_at", "updated_at") VALUES ($1, $2, $3) RETURNING "id"[0m  [["title", "Learn AJAX"], ["created_at", 2016-10-20 08:19:03 UTC], ["updated_at", 2016-10-20 08:19:03 UTC]]
  [1m[35m (4.6ms)[0m  [1m[35mCOMMIT[0m
  [1m[35m (0.1ms)[0m  [1m[35mBEGIN[0m
  [1m[35mSQL (0.2ms)[0m  [1m[32mINSERT INTO "todos" ("title", "created_at", "updated_at") VALUES ($1, $2, $3) RETURNING "id"[0m  [["title", "Meditate"], ["created_at", 2016-10-20 08:19:03 UTC], ["updated_at", 2016-10-20 08:19:03 UTC]]
  [1m[35m (2.3ms)[0m  [1m[35mCOMMIT[0m
Started GET "/" for ::1 at 2016-10-20 10:32:29 +0200
  [1m[36mActiveRecord::SchemaMigration Load (0.4ms)[0m  [1m[34mSELECT "schema_migrations".* FROM "schema_migrations"[0m
Processing by TodosController#index as HTML
  Rendering todos/index.html.erb within layouts/application
  [1m[36mTodo Load (0.4ms)[0m  [1m[34mSELECT "todos".* FROM "todos"[0m
  Rendered todos/index.html.erb within layouts/application (16.8ms)
Completed 200 OK in 531ms (Views: 513.2ms | ActiveRecord: 3.5ms)


Started GET "/todos.json" for ::1 at 2016-10-20 10:54:20 +0200
Processing by TodosController#index as JSON
  Rendering todos/index.json.jbuilder
  [1m[36mTodo Load (0.3ms)[0m  [1m[34mSELECT "todos".* FROM "todos"[0m
  Rendered todos/_todo.json.jbuilder (1.2ms)
  Rendered todos/_todo.json.jbuilder (0.8ms)
  Rendered todos/_todo.json.jbuilder (0.6ms)
  Rendered todos/index.json.jbuilder (19.3ms)
Completed 200 OK in 27ms (Views: 24.6ms | ActiveRecord: 0.3ms)


Started GET "/todos.json" for ::1 at 2016-10-20 11:17:08 +0200
  [1m[36mActiveRecord::SchemaMigration Load (0.2ms)[0m  [1m[34mSELECT "schema_migrations".* FROM "schema_migrations"[0m
Processing by TodosController#index as JSON
  Rendering todos/index.json.jbuilder
  [1m[36mTodo Load (0.6ms)[0m  [1m[34mSELECT "todos".* FROM "todos" ORDER BY "todos"."id" ASC[0m
  Rendered todos/_todo.json.jbuilder (0.8ms)
  Rendered todos/_todo.json.jbuilder (0.3ms)
  Rendered todos/_todo.json.jbuilder (0.3ms)
  Rendered todos/index.json.jbuilder (6.4ms)
Completed 200 OK in 22ms (Views: 10.6ms | ActiveRecord: 3.1ms)


Started GET "/" for ::1 at 2016-10-20 11:17:14 +0200
Processing by TodosController#index as HTML
  Rendering todos/index.html.erb within layouts/application
  Rendered todos/_form.html.erb (8.5ms)
  [1m[36mTodo Load (0.3ms)[0m  [1m[34mSELECT "todos".* FROM "todos" ORDER BY "todos"."id" ASC[0m
  Rendered collection of todos/_todo.html.erb [3 times] (0.9ms)
  Rendered todos/index.html.erb within layouts/application (14.4ms)
Completed 200 OK in 54ms (Views: 49.6ms | ActiveRecord: 0.3ms)


Started GET "/todos.json" for ::1 at 2016-10-20 11:17:15 +0200
Processing by TodosController#index as JSON
  Rendering todos/index.json.jbuilder
  [1m[36mTodo Load (0.4ms)[0m  [1m[34mSELECT "todos".* FROM "todos" ORDER BY "todos"."id" ASC[0m
  Rendered todos/_todo.json.jbuilder (0.9ms)
  Rendered todos/_todo.json.jbuilder (0.4ms)
  Rendered todos/_todo.json.jbuilder (0.4ms)
  Rendered todos/index.json.jbuilder (6.1ms)
Completed 200 OK in 13ms (Views: 10.0ms | ActiveRecord: 0.4ms)


Started GET "/" for ::1 at 2016-10-20 11:17:24 +0200
Processing by TodosController#index as HTML
  Rendering todos/index.html.erb within layouts/application
  Rendered todos/_form.html.erb (2.6ms)
  [1m[36mTodo Load (0.4ms)[0m  [1m[34mSELECT "todos".* FROM "todos" ORDER BY "todos"."id" ASC[0m
  Rendered collection of todos/_todo.html.erb [3 times] (0.6ms)
  Rendered todos/index.html.erb within layouts/application (8.1ms)
Completed 200 OK in 32ms (Views: 29.8ms | ActiveRecord: 0.4ms)


Started GET "/" for ::1 at 2016-10-20 11:20:11 +0200
Processing by TodosController#index as HTML
  Rendering todos/index.html.erb within layouts/application
  Rendered todos/_form.html.erb (1.0ms)
  [1m[36mTodo Load (0.3ms)[0m  [1m[34mSELECT "todos".* FROM "todos" ORDER BY "todos"."id" ASC[0m
  Rendered collection of todos/_todo.html.erb [3 times] (0.6ms)
  Rendered todos/index.html.erb within layouts/application (5.2ms)
Completed 500 Internal Server Error in 18ms (ActiveRecord: 0.3ms)


  
ActionView::Template::Error (Invalid CSS after "": expected selector or at-rule, was "/*"):
    4:     <title>TodoAjax</title>
    5:     <%= csrf_meta_tags %>
    6: 
    7:     <%= stylesheet_link_tag    'application', media: 'all', 'data-turbolinks-track': 'reload' %>
    8:     <%= javascript_include_tag 'application', 'data-turbolinks-track': 'reload' %>
    9:   </head>
   10: 
  
app/assets/stylesheets/application.scss:1
app/views/layouts/application.html.erb:7:in `_app_views_layouts_application_html_erb___2453364928246481517_70098492278100'
  Rendering /Users/annedienvanamerongen/.rbenv/versions/2.2.5/lib/ruby/gems/2.2.0/gems/actionpack-5.0.0.1/lib/action_dispatch/middleware/templates/rescues/template_error.html.erb within rescues/layout
  Rendering /Users/annedienvanamerongen/.rbenv/versions/2.2.5/lib/ruby/gems/2.2.0/gems/actionpack-5.0.0.1/lib/action_dispatch/middleware/templates/rescues/_source.html.erb
  Rendered /Users/annedienvanamerongen/.rbenv/versions/2.2.5/lib/ruby/gems/2.2.0/gems/actionpack-5.0.0.1/lib/action_dispatch/middleware/templates/rescues/_source.html.erb (10.0ms)
  Rendering /Users/annedienvanamerongen/.rbenv/versions/2.2.5/lib/ruby/gems/2.2.0/gems/actionpack-5.0.0.1/lib/action_dispatch/middleware/templates/rescues/_trace.html.erb
  Rendered /Users/annedienvanamerongen/.rbenv/versions/2.2.5/lib/ruby/gems/2.2.0/gems/actionpack-5.0.0.1/lib/action_dispatch/middleware/templates/rescues/_trace.html.erb (3.3ms)
  Rendering /Users/annedienvanamerongen/.rbenv/versions/2.2.5/lib/ruby/gems/2.2.0/gems/actionpack-5.0.0.1/lib/action_dispatch/middleware/templates/rescues/_request_and_response.html.erb
  Rendered /Users/annedienvanamerongen/.rbenv/versions/2.2.5/lib/ruby/gems/2.2.0/gems/actionpack-5.0.0.1/lib/action_dispatch/middleware/templates/rescues/_request_and_response.html.erb (1.2ms)
  Rendered /Users/annedienvanamerongen/.rbenv/versions/2.2.5/lib/ruby/gems/2.2.0/gems/actionpack-5.0.0.1/lib/action_dispatch/middleware/templates/rescues/template_error.html.erb within rescues/layout (104.7ms)
Started GET "/" for ::1 at 2016-10-20 11:21:30 +0200
Processing by TodosController#index as HTML
  Rendering todos/index.html.erb within layouts/application
  Rendered todos/_form.html.erb (1.0ms)
  [1m[36mTodo Load (0.3ms)[0m  [1m[34mSELECT "todos".* FROM "todos" ORDER BY "todos"."id" ASC[0m
  Rendered collection of todos/_todo.html.erb [3 times] (0.6ms)
  Rendered todos/index.html.erb within layouts/application (5.7ms)
Completed 200 OK in 31ms (Views: 28.5ms | ActiveRecord: 0.3ms)


Started GET "/" for ::1 at 2016-10-20 11:35:14 +0200
Processing by TodosController#index as HTML
  Rendering todos/index.html.erb within layouts/application
  Rendered todos/_form.html.erb (1.0ms)
  [1m[36mTodo Load (0.7ms)[0m  [1m[34mSELECT "todos".* FROM "todos" ORDER BY "todos"."id" ASC[0m
  Rendered collection of todos/_todo.html.erb [3 times] (0.7ms)
  Rendered todos/index.html.erb within layouts/application (5.8ms)
Completed 200 OK in 100ms (Views: 96.8ms | ActiveRecord: 0.7ms)


Started POST "/todos" for ::1 at 2016-10-20 11:40:32 +0200
Processing by TodosController#create as HTML
  Parameters: {"utf8"=>"✓", "authenticity_token"=>"uL8uZrpvU5C8dfvN4f6SzRyvWlQN1HUtFK0axRO3+bxnVgLsnOHtd6noOrRRGWcB7hChBSYObsFdgUdYr0idhg==", "todo"=>{"title"=>"sss"}}
  [1m[35m (0.2ms)[0m  [1m[35mBEGIN[0m
  [1m[35mSQL (0.8ms)[0m  [1m[32mINSERT INTO "todos" ("title", "created_at", "updated_at") VALUES ($1, $2, $3) RETURNING "id"[0m  [["title", "sss"], ["created_at", 2016-10-20 09:40:32 UTC], ["updated_at", 2016-10-20 09:40:32 UTC]]
  [1m[35m (115.6ms)[0m  [1m[35mCOMMIT[0m
Redirected to http://localhost:3000/todos
Completed 302 Found in 125ms (ActiveRecord: 116.5ms)


Started GET "/todos" for ::1 at 2016-10-20 11:40:32 +0200
Processing by TodosController#index as HTML
  Rendering todos/index.html.erb within layouts/application
  Rendered todos/_form.html.erb (1.8ms)
  [1m[36mTodo Load (0.4ms)[0m  [1m[34mSELECT "todos".* FROM "todos" ORDER BY "todos"."id" ASC[0m
  Rendered collection of todos/_todo.html.erb [4 times] (1.5ms)
  Rendered todos/index.html.erb within layouts/application (9.0ms)
Completed 200 OK in 32ms (Views: 28.9ms | ActiveRecord: 0.4ms)


Started GET "/todos" for ::1 at 2016-10-20 11:41:43 +0200
Processing by TodosController#index as HTML
  Rendering todos/index.html.erb within layouts/application
  Rendered todos/_form.html.erb (1.9ms)
  [1m[36mTodo Load (1.1ms)[0m  [1m[34mSELECT "todos".* FROM "todos" ORDER BY "todos"."id" ASC[0m
  Rendered collection of todos/_todo.html.erb [4 times] (0.7ms)
  Rendered todos/index.html.erb within layouts/application (8.0ms)
Completed 200 OK in 30ms (Views: 25.6ms | ActiveRecord: 1.1ms)


Started POST "/todos" for ::1 at 2016-10-20 11:42:01 +0200
Processing by TodosController#create as HTML
  Parameters: {"utf8"=>"✓", "authenticity_token"=>"MsC04HIGPBwYESk26UquVnGTmabvRbal6tLqelveNOntKZhqVIiC+w2M6E9ZrVuagyxi98SfrUmj/rfn5yFQ0w==", "todo"=>{"title"=>"sss"}}
  [1m[35m (0.2ms)[0m  [1m[35mBEGIN[0m
  [1m[35mSQL (0.9ms)[0m  [1m[32mINSERT INTO "todos" ("title", "created_at", "updated_at") VALUES ($1, $2, $3) RETURNING "id"[0m  [["title", "sss"], ["created_at", 2016-10-20 09:42:01 UTC], ["updated_at", 2016-10-20 09:42:01 UTC]]
  [1m[35m (2.1ms)[0m  [1m[35mCOMMIT[0m
Redirected to http://localhost:3000/todos
Completed 302 Found in 8ms (ActiveRecord: 3.2ms)


Started GET "/todos" for ::1 at 2016-10-20 11:42:01 +0200
Processing by TodosController#index as HTML
  Rendering todos/index.html.erb within layouts/application
  Rendered todos/_form.html.erb (1.3ms)
  [1m[36mTodo Load (0.5ms)[0m  [1m[34mSELECT "todos".* FROM "todos" ORDER BY "todos"."id" ASC[0m
  Rendered collection of todos/_todo.html.erb [5 times] (1.5ms)
  Rendered todos/index.html.erb within layouts/application (7.9ms)
Completed 200 OK in 27ms (Views: 24.7ms | ActiveRecord: 0.5ms)


Started GET "/todos" for ::1 at 2016-10-20 13:07:45 +0200
Processing by TodosController#index as HTML
  Rendering todos/index.html.erb within layouts/application
  Rendered todos/_form.html.erb (1.5ms)
  [1m[36mTodo Load (0.3ms)[0m  [1m[34mSELECT "todos".* FROM "todos" ORDER BY "todos"."id" ASC[0m
  Rendered collection of todos/_todo.html.erb [5 times] (0.8ms)
  Rendered todos/index.html.erb within layouts/application (8.1ms)
Completed 200 OK in 100ms (Views: 97.1ms | ActiveRecord: 0.3ms)


Started GET "/todos" for ::1 at 2016-10-20 13:07:58 +0200
Processing by TodosController#index as HTML
  Rendering todos/index.html.erb within layouts/application
  Rendered todos/_form.html.erb (1.0ms)
  [1m[36mTodo Load (0.3ms)[0m  [1m[34mSELECT "todos".* FROM "todos" ORDER BY "todos"."id" ASC[0m
  Rendered collection of todos/_todo.html.erb [5 times] (0.8ms)
  Rendered todos/index.html.erb within layouts/application (5.5ms)
Completed 200 OK in 23ms (Views: 20.4ms | ActiveRecord: 0.3ms)


Started GET "/todos" for ::1 at 2016-10-20 13:08:45 +0200
  [1m[36mActiveRecord::SchemaMigration Load (0.5ms)[0m  [1m[34mSELECT "schema_migrations".* FROM "schema_migrations"[0m
Processing by TodosController#index as HTML
  Rendering todos/index.html.erb within layouts/application
  Rendered todos/_form.html.erb (26.1ms)
  [1m[36mTodo Load (0.7ms)[0m  [1m[34mSELECT "todos".* FROM "todos" ORDER BY "todos"."id" ASC[0m
  Rendered collection of todos/_todo.html.erb [5 times] (1.5ms)
  Rendered todos/index.html.erb within layouts/application (34.8ms)
Completed 200 OK in 461ms (Views: 436.5ms | ActiveRecord: 4.0ms)


Started POST "/todos" for ::1 at 2016-10-20 13:08:51 +0200
Processing by TodosController#create as HTML
  Parameters: {"utf8"=>"✓", "authenticity_token"=>"bf/MMZhTOQ+eRqh8dsV8QoxHMwsoM9Xpf77bV/tueqayFuC7vt2H6IvbaQXGIomOfvjIWgPpzgU2kobKR5EenA==", "todo"=>{"title"=>"hhh"}}
  [1m[35m (0.2ms)[0m  [1m[35mBEGIN[0m
  [1m[35mSQL (1.0ms)[0m  [1m[32mINSERT INTO "todos" ("title", "created_at", "updated_at") VALUES ($1, $2, $3) RETURNING "id"[0m  [["title", "hhh"], ["created_at", 2016-10-20 11:08:51 UTC], ["updated_at", 2016-10-20 11:08:51 UTC]]
  [1m[35m (115.5ms)[0m  [1m[35mCOMMIT[0m
Redirected to http://localhost:3000/todos
Completed 302 Found in 124ms (ActiveRecord: 116.7ms)


Started GET "/todos" for ::1 at 2016-10-20 13:08:51 +0200
Processing by TodosController#index as HTML
  Rendering todos/index.html.erb within layouts/application
  Rendered todos/_form.html.erb (1.0ms)
  [1m[36mTodo Load (0.7ms)[0m  [1m[34mSELECT "todos".* FROM "todos" ORDER BY "todos"."id" ASC[0m
  Rendered collection of todos/_todo.html.erb [6 times] (0.8ms)
  Rendered todos/index.html.erb within layouts/application (6.4ms)
Completed 200 OK in 28ms (Views: 23.2ms | ActiveRecord: 0.7ms)


Started GET "/todos" for ::1 at 2016-10-20 13:14:12 +0200
Processing by TodosController#index as HTML
  Rendering todos/index.html.erb within layouts/application
  Rendered todos/_form.html.erb (1.6ms)
  [1m[36mTodo Load (0.7ms)[0m  [1m[34mSELECT "todos".* FROM "todos" ORDER BY "todos"."id" ASC[0m
  Rendered collection of todos/_todo.html.erb [6 times] (0.9ms)
  Rendered todos/index.html.erb within layouts/application (7.4ms)
Completed 200 OK in 86ms (Views: 83.2ms | ActiveRecord: 0.7ms)


Started GET "/todos" for ::1 at 2016-10-20 13:16:06 +0200
Processing by TodosController#index as HTML
  Rendering todos/index.html.erb within layouts/application
  Rendered todos/_form.html.erb (1.8ms)
  [1m[36mTodo Load (0.5ms)[0m  [1m[34mSELECT "todos".* FROM "todos" ORDER BY "todos"."id" ASC[0m
  Rendered collection of todos/_todo.html.erb [6 times] (1.5ms)
  Rendered todos/index.html.erb within layouts/application (12.6ms)
Completed 200 OK in 65ms (Views: 60.8ms | ActiveRecord: 0.5ms)


Started GET "/todos" for ::1 at 2016-10-20 13:16:10 +0200
Processing by TodosController#index as HTML
  Rendering todos/index.html.erb within layouts/application
  Rendered todos/_form.html.erb (1.8ms)
  [1m[36mTodo Load (0.4ms)[0m  [1m[34mSELECT "todos".* FROM "todos" ORDER BY "todos"."id" ASC[0m
  Rendered collection of todos/_todo.html.erb [6 times] (2.9ms)
  Rendered todos/index.html.erb within layouts/application (11.5ms)
Completed 200 OK in 39ms (Views: 35.6ms | ActiveRecord: 0.4ms)


Started GET "/todos" for ::1 at 2016-10-20 13:16:17 +0200
Processing by TodosController#index as HTML
  Rendering todos/index.html.erb within layouts/application
  Rendered todos/_form.html.erb (3.3ms)
  [1m[36mTodo Load (0.8ms)[0m  [1m[34mSELECT "todos".* FROM "todos" ORDER BY "todos"."id" ASC[0m
  Rendered collection of todos/_todo.html.erb [6 times] (1.5ms)
  Rendered todos/index.html.erb within layouts/application (14.9ms)
Completed 200 OK in 37ms (Views: 34.1ms | ActiveRecord: 0.8ms)


Started GET "/todos" for ::1 at 2016-10-20 13:17:51 +0200
Processing by TodosController#index as HTML
  Rendering todos/index.html.erb within layouts/application
  Rendered todos/_form.html.erb (1.8ms)
  [1m[36mTodo Load (0.6ms)[0m  [1m[34mSELECT "todos".* FROM "todos" ORDER BY "todos"."id" ASC[0m
  Rendered collection of todos/_todo.html.erb [6 times] (2.0ms)
  Rendered todos/index.html.erb within layouts/application (11.6ms)
Completed 200 OK in 108ms (Views: 105.1ms | ActiveRecord: 0.6ms)


Started GET "/todos" for ::1 at 2016-10-20 13:23:56 +0200
Processing by TodosController#index as HTML
  Rendering todos/index.html.erb within layouts/application
  Rendered todos/_form.html.erb (2.3ms)
  [1m[36mTodo Load (0.3ms)[0m  [1m[34mSELECT "todos".* FROM "todos" ORDER BY "todos"."id" ASC[0m
  Rendered collection of todos/_todo.html.erb [6 times] (1.2ms)
  Rendered todos/index.html.erb within layouts/application (9.7ms)
Completed 200 OK in 110ms (Views: 107.5ms | ActiveRecord: 0.3ms)


Started GET "/todos" for ::1 at 2016-10-20 13:28:31 +0200
Processing by TodosController#index as HTML
  Rendering todos/index.html.erb within layouts/application
  Rendered todos/_form.html.erb (1.5ms)
  [1m[36mTodo Load (0.3ms)[0m  [1m[34mSELECT "todos".* FROM "todos" ORDER BY "todos"."id" ASC[0m
  Rendered collection of todos/_todo.html.erb [6 times] (0.9ms)
  Rendered todos/index.html.erb within layouts/application (6.9ms)
Completed 200 OK in 90ms (Views: 82.5ms | ActiveRecord: 0.3ms)


Started POST "/todos.json" for ::1 at 2016-10-20 13:28:40 +0200
Processing by TodosController#create as JSON
  Parameters: {"todo"=>{"title"=>"", "completed"=>false}}
  [1m[35m (0.2ms)[0m  [1m[35mBEGIN[0m
  [1m[35m (0.2ms)[0m  [1m[31mROLLBACK[0m
Completed 406 Not Acceptable in 10ms (ActiveRecord: 0.4ms)


  
ActionController::UnknownFormat (ActionController::UnknownFormat):
  
app/controllers/todos_controller.rb:31:in `create'
  Rendering /Users/annedienvanamerongen/.rbenv/versions/2.2.5/lib/ruby/gems/2.2.0/gems/actionpack-5.0.0.1/lib/action_dispatch/middleware/templates/rescues/diagnostics.text.erb
  Rendering /Users/annedienvanamerongen/.rbenv/versions/2.2.5/lib/ruby/gems/2.2.0/gems/actionpack-5.0.0.1/lib/action_dispatch/middleware/templates/rescues/_source.text.erb
  Rendered /Users/annedienvanamerongen/.rbenv/versions/2.2.5/lib/ruby/gems/2.2.0/gems/actionpack-5.0.0.1/lib/action_dispatch/middleware/templates/rescues/_source.text.erb (0.8ms)
  Rendering /Users/annedienvanamerongen/.rbenv/versions/2.2.5/lib/ruby/gems/2.2.0/gems/actionpack-5.0.0.1/lib/action_dispatch/middleware/templates/rescues/_trace.text.erb
  Rendered /Users/annedienvanamerongen/.rbenv/versions/2.2.5/lib/ruby/gems/2.2.0/gems/actionpack-5.0.0.1/lib/action_dispatch/middleware/templates/rescues/_trace.text.erb (0.7ms)
  Rendering /Users/annedienvanamerongen/.rbenv/versions/2.2.5/lib/ruby/gems/2.2.0/gems/actionpack-5.0.0.1/lib/action_dispatch/middleware/templates/rescues/_request_and_response.text.erb
  Rendered /Users/annedienvanamerongen/.rbenv/versions/2.2.5/lib/ruby/gems/2.2.0/gems/actionpack-5.0.0.1/lib/action_dispatch/middleware/templates/rescues/_request_and_response.text.erb (1.0ms)
  Rendered /Users/annedienvanamerongen/.rbenv/versions/2.2.5/lib/ruby/gems/2.2.0/gems/actionpack-5.0.0.1/lib/action_dispatch/middleware/templates/rescues/diagnostics.text.erb (84.1ms)
Started GET "/todos" for ::1 at 2016-10-20 13:31:05 +0200
Processing by TodosController#index as HTML
  Rendering todos/index.html.erb within layouts/application
  Rendered todos/_form.html.erb (1.3ms)
  [1m[36mTodo Load (0.5ms)[0m  [1m[34mSELECT "todos".* FROM "todos" ORDER BY "todos"."id" ASC[0m
  Rendered collection of todos/_todo.html.erb [6 times] (1.6ms)
  Rendered todos/index.html.erb within layouts/application (9.3ms)
Completed 200 OK in 100ms (Views: 96.3ms | ActiveRecord: 0.5ms)


Started POST "/todos.json" for ::1 at 2016-10-20 13:31:08 +0200
Processing by TodosController#create as JSON
  Parameters: {"todo"=>{"title"=>"", "completed"=>false}}
  [1m[35m (0.2ms)[0m  [1m[35mBEGIN[0m
  [1m[35m (0.2ms)[0m  [1m[31mROLLBACK[0m
Completed 406 Not Acceptable in 4ms (ActiveRecord: 0.4ms)


  
ActionController::UnknownFormat (ActionController::UnknownFormat):
  
app/controllers/todos_controller.rb:31:in `create'
  Rendering /Users/annedienvanamerongen/.rbenv/versions/2.2.5/lib/ruby/gems/2.2.0/gems/actionpack-5.0.0.1/lib/action_dispatch/middleware/templates/rescues/diagnostics.text.erb
  Rendering /Users/annedienvanamerongen/.rbenv/versions/2.2.5/lib/ruby/gems/2.2.0/gems/actionpack-5.0.0.1/lib/action_dispatch/middleware/templates/rescues/_source.text.erb
  Rendered /Users/annedienvanamerongen/.rbenv/versions/2.2.5/lib/ruby/gems/2.2.0/gems/actionpack-5.0.0.1/lib/action_dispatch/middleware/templates/rescues/_source.text.erb (0.7ms)
  Rendering /Users/annedienvanamerongen/.rbenv/versions/2.2.5/lib/ruby/gems/2.2.0/gems/actionpack-5.0.0.1/lib/action_dispatch/middleware/templates/rescues/_trace.text.erb
  Rendered /Users/annedienvanamerongen/.rbenv/versions/2.2.5/lib/ruby/gems/2.2.0/gems/actionpack-5.0.0.1/lib/action_dispatch/middleware/templates/rescues/_trace.text.erb (0.7ms)
  Rendering /Users/annedienvanamerongen/.rbenv/versions/2.2.5/lib/ruby/gems/2.2.0/gems/actionpack-5.0.0.1/lib/action_dispatch/middleware/templates/rescues/_request_and_response.text.erb
  Rendered /Users/annedienvanamerongen/.rbenv/versions/2.2.5/lib/ruby/gems/2.2.0/gems/actionpack-5.0.0.1/lib/action_dispatch/middleware/templates/rescues/_request_and_response.text.erb (0.9ms)
  Rendered /Users/annedienvanamerongen/.rbenv/versions/2.2.5/lib/ruby/gems/2.2.0/gems/actionpack-5.0.0.1/lib/action_dispatch/middleware/templates/rescues/diagnostics.text.erb (71.9ms)
Started GET "/todos" for ::1 at 2016-10-20 13:31:27 +0200
Processing by TodosController#index as HTML
  Rendering todos/index.html.erb within layouts/application
  Rendered todos/_form.html.erb (1.9ms)
  [1m[36mTodo Load (0.7ms)[0m  [1m[34mSELECT "todos".* FROM "todos" ORDER BY "todos"."id" ASC[0m
  Rendered collection of todos/_todo.html.erb [6 times] (0.8ms)
  Rendered todos/index.html.erb within layouts/application (7.9ms)
Completed 200 OK in 25ms (Views: 22.8ms | ActiveRecord: 0.7ms)


Started GET "/todos" for ::1 at 2016-10-20 13:31:32 +0200
Processing by TodosController#index as HTML
  Rendering todos/index.html.erb within layouts/application
  Rendered todos/_form.html.erb (1.1ms)
  [1m[36mTodo Load (0.3ms)[0m  [1m[34mSELECT "todos".* FROM "todos" ORDER BY "todos"."id" ASC[0m
  Rendered collection of todos/_todo.html.erb [6 times] (0.8ms)
  Rendered todos/index.html.erb within layouts/application (6.1ms)
Completed 200 OK in 24ms (Views: 21.6ms | ActiveRecord: 0.3ms)


Started POST "/todos.json" for ::1 at 2016-10-20 13:31:38 +0200
Processing by TodosController#create as JSON
  Parameters: {"todo"=>{"title"=>"", "completed"=>false}}
  [1m[35m (0.2ms)[0m  [1m[35mBEGIN[0m
  [1m[35m (0.2ms)[0m  [1m[31mROLLBACK[0m
Completed 406 Not Acceptable in 4ms (ActiveRecord: 0.3ms)


  
ActionController::UnknownFormat (ActionController::UnknownFormat):
  
app/controllers/todos_controller.rb:31:in `create'
  Rendering /Users/annedienvanamerongen/.rbenv/versions/2.2.5/lib/ruby/gems/2.2.0/gems/actionpack-5.0.0.1/lib/action_dispatch/middleware/templates/rescues/diagnostics.text.erb
  Rendering /Users/annedienvanamerongen/.rbenv/versions/2.2.5/lib/ruby/gems/2.2.0/gems/actionpack-5.0.0.1/lib/action_dispatch/middleware/templates/rescues/_source.text.erb
  Rendered /Users/annedienvanamerongen/.rbenv/versions/2.2.5/lib/ruby/gems/2.2.0/gems/actionpack-5.0.0.1/lib/action_dispatch/middleware/templates/rescues/_source.text.erb (0.6ms)
  Rendering /Users/annedienvanamerongen/.rbenv/versions/2.2.5/lib/ruby/gems/2.2.0/gems/actionpack-5.0.0.1/lib/action_dispatch/middleware/templates/rescues/_trace.text.erb
  Rendered /Users/annedienvanamerongen/.rbenv/versions/2.2.5/lib/ruby/gems/2.2.0/gems/actionpack-5.0.0.1/lib/action_dispatch/middleware/templates/rescues/_trace.text.erb (0.6ms)
  Rendering /Users/annedienvanamerongen/.rbenv/versions/2.2.5/lib/ruby/gems/2.2.0/gems/actionpack-5.0.0.1/lib/action_dispatch/middleware/templates/rescues/_request_and_response.text.erb
  Rendered /Users/annedienvanamerongen/.rbenv/versions/2.2.5/lib/ruby/gems/2.2.0/gems/actionpack-5.0.0.1/lib/action_dispatch/middleware/templates/rescues/_request_and_response.text.erb (0.9ms)
  Rendered /Users/annedienvanamerongen/.rbenv/versions/2.2.5/lib/ruby/gems/2.2.0/gems/actionpack-5.0.0.1/lib/action_dispatch/middleware/templates/rescues/diagnostics.text.erb (68.5ms)
Started GET "/todos" for ::1 at 2016-10-20 13:34:46 +0200
Processing by TodosController#index as HTML
  Rendering todos/index.html.erb within layouts/application
  Rendered todos/_form.html.erb (1.4ms)
  [1m[36mTodo Load (0.3ms)[0m  [1m[34mSELECT "todos".* FROM "todos" ORDER BY "todos"."id" ASC[0m
  Rendered collection of todos/_todo.html.erb [6 times] (0.7ms)
  Rendered todos/index.html.erb within layouts/application (7.0ms)
Completed 200 OK in 103ms (Views: 100.5ms | ActiveRecord: 0.3ms)


Started POST "/todos.json" for ::1 at 2016-10-20 13:35:21 +0200
Processing by TodosController#create as JSON
  Parameters: {"todo"=>{"title"=>"", "completed"=>false}}
  [1m[35m (0.2ms)[0m  [1m[35mBEGIN[0m
  [1m[35m (0.2ms)[0m  [1m[31mROLLBACK[0m
Completed 406 Not Acceptable in 4ms (ActiveRecord: 0.4ms)


  
ActionController::UnknownFormat (ActionController::UnknownFormat):
  
app/controllers/todos_controller.rb:31:in `create'
  Rendering /Users/annedienvanamerongen/.rbenv/versions/2.2.5/lib/ruby/gems/2.2.0/gems/actionpack-5.0.0.1/lib/action_dispatch/middleware/templates/rescues/diagnostics.text.erb
  Rendering /Users/annedienvanamerongen/.rbenv/versions/2.2.5/lib/ruby/gems/2.2.0/gems/actionpack-5.0.0.1/lib/action_dispatch/middleware/templates/rescues/_source.text.erb
  Rendered /Users/annedienvanamerongen/.rbenv/versions/2.2.5/lib/ruby/gems/2.2.0/gems/actionpack-5.0.0.1/lib/action_dispatch/middleware/templates/rescues/_source.text.erb (0.5ms)
  Rendering /Users/annedienvanamerongen/.rbenv/versions/2.2.5/lib/ruby/gems/2.2.0/gems/actionpack-5.0.0.1/lib/action_dispatch/middleware/templates/rescues/_trace.text.erb
  Rendered /Users/annedienvanamerongen/.rbenv/versions/2.2.5/lib/ruby/gems/2.2.0/gems/actionpack-5.0.0.1/lib/action_dispatch/middleware/templates/rescues/_trace.text.erb (0.6ms)
  Rendering /Users/annedienvanamerongen/.rbenv/versions/2.2.5/lib/ruby/gems/2.2.0/gems/actionpack-5.0.0.1/lib/action_dispatch/middleware/templates/rescues/_request_and_response.text.erb
  Rendered /Users/annedienvanamerongen/.rbenv/versions/2.2.5/lib/ruby/gems/2.2.0/gems/actionpack-5.0.0.1/lib/action_dispatch/middleware/templates/rescues/_request_and_response.text.erb (0.7ms)
  Rendered /Users/annedienvanamerongen/.rbenv/versions/2.2.5/lib/ruby/gems/2.2.0/gems/actionpack-5.0.0.1/lib/action_dispatch/middleware/templates/rescues/diagnostics.text.erb (72.7ms)
Started POST "/todos.json" for ::1 at 2016-10-20 13:35:37 +0200
Processing by TodosController#create as JSON
  Parameters: {"todo"=>{"title"=>"iii", "completed"=>false}}
  [1m[35m (0.2ms)[0m  [1m[35mBEGIN[0m
  [1m[35mSQL (0.9ms)[0m  [1m[32mINSERT INTO "todos" ("title", "created_at", "updated_at") VALUES ($1, $2, $3) RETURNING "id"[0m  [["title", "iii"], ["created_at", 2016-10-20 11:35:37 UTC], ["updated_at", 2016-10-20 11:35:37 UTC]]
  [1m[35m (2.4ms)[0m  [1m[35mCOMMIT[0m
Completed 406 Not Acceptable in 9ms (ActiveRecord: 3.5ms)


  
ActionController::UnknownFormat (ActionController::UnknownFormat):
  
app/controllers/todos_controller.rb:31:in `create'
  Rendering /Users/annedienvanamerongen/.rbenv/versions/2.2.5/lib/ruby/gems/2.2.0/gems/actionpack-5.0.0.1/lib/action_dispatch/middleware/templates/rescues/diagnostics.text.erb
  Rendering /Users/annedienvanamerongen/.rbenv/versions/2.2.5/lib/ruby/gems/2.2.0/gems/actionpack-5.0.0.1/lib/action_dispatch/middleware/templates/rescues/_source.text.erb
  Rendered /Users/annedienvanamerongen/.rbenv/versions/2.2.5/lib/ruby/gems/2.2.0/gems/actionpack-5.0.0.1/lib/action_dispatch/middleware/templates/rescues/_source.text.erb (0.6ms)
  Rendering /Users/annedienvanamerongen/.rbenv/versions/2.2.5/lib/ruby/gems/2.2.0/gems/actionpack-5.0.0.1/lib/action_dispatch/middleware/templates/rescues/_trace.text.erb
  Rendered /Users/annedienvanamerongen/.rbenv/versions/2.2.5/lib/ruby/gems/2.2.0/gems/actionpack-5.0.0.1/lib/action_dispatch/middleware/templates/rescues/_trace.text.erb (0.6ms)
  Rendering /Users/annedienvanamerongen/.rbenv/versions/2.2.5/lib/ruby/gems/2.2.0/gems/actionpack-5.0.0.1/lib/action_dispatch/middleware/templates/rescues/_request_and_response.text.erb
  Rendered /Users/annedienvanamerongen/.rbenv/versions/2.2.5/lib/ruby/gems/2.2.0/gems/actionpack-5.0.0.1/lib/action_dispatch/middleware/templates/rescues/_request_and_response.text.erb (0.9ms)
  Rendered /Users/annedienvanamerongen/.rbenv/versions/2.2.5/lib/ruby/gems/2.2.0/gems/actionpack-5.0.0.1/lib/action_dispatch/middleware/templates/rescues/diagnostics.text.erb (67.6ms)
Started GET "/todos" for ::1 at 2016-10-20 13:35:50 +0200
Processing by TodosController#index as HTML
  Rendering todos/index.html.erb within layouts/application
  Rendered todos/_form.html.erb (1.8ms)
  [1m[36mTodo Load (0.3ms)[0m  [1m[34mSELECT "todos".* FROM "todos" ORDER BY "todos"."id" ASC[0m
  Rendered collection of todos/_todo.html.erb [7 times] (1.1ms)
  Rendered todos/index.html.erb within layouts/application (9.5ms)
Completed 200 OK in 38ms (Views: 32.8ms | ActiveRecord: 0.3ms)


Started POST "/todos.json" for ::1 at 2016-10-20 13:43:45 +0200
Processing by TodosController#create as JSON
  Parameters: {"todo"=>{"title"=>"", "completed"=>false}}
  [1m[35m (0.2ms)[0m  [1m[35mBEGIN[0m
  [1m[35m (0.2ms)[0m  [1m[31mROLLBACK[0m
Completed 406 Not Acceptable in 5ms (ActiveRecord: 0.4ms)


  
ActionController::UnknownFormat (ActionController::UnknownFormat):
  
app/controllers/todos_controller.rb:31:in `create'
  Rendering /Users/annedienvanamerongen/.rbenv/versions/2.2.5/lib/ruby/gems/2.2.0/gems/actionpack-5.0.0.1/lib/action_dispatch/middleware/templates/rescues/diagnostics.text.erb
  Rendering /Users/annedienvanamerongen/.rbenv/versions/2.2.5/lib/ruby/gems/2.2.0/gems/actionpack-5.0.0.1/lib/action_dispatch/middleware/templates/rescues/_source.text.erb
  Rendered /Users/annedienvanamerongen/.rbenv/versions/2.2.5/lib/ruby/gems/2.2.0/gems/actionpack-5.0.0.1/lib/action_dispatch/middleware/templates/rescues/_source.text.erb (0.9ms)
  Rendering /Users/annedienvanamerongen/.rbenv/versions/2.2.5/lib/ruby/gems/2.2.0/gems/actionpack-5.0.0.1/lib/action_dispatch/middleware/templates/rescues/_trace.text.erb
  Rendered /Users/annedienvanamerongen/.rbenv/versions/2.2.5/lib/ruby/gems/2.2.0/gems/actionpack-5.0.0.1/lib/action_dispatch/middleware/templates/rescues/_trace.text.erb (0.6ms)
  Rendering /Users/annedienvanamerongen/.rbenv/versions/2.2.5/lib/ruby/gems/2.2.0/gems/actionpack-5.0.0.1/lib/action_dispatch/middleware/templates/rescues/_request_and_response.text.erb
  Rendered /Users/annedienvanamerongen/.rbenv/versions/2.2.5/lib/ruby/gems/2.2.0/gems/actionpack-5.0.0.1/lib/action_dispatch/middleware/templates/rescues/_request_and_response.text.erb (0.8ms)
  Rendered /Users/annedienvanamerongen/.rbenv/versions/2.2.5/lib/ruby/gems/2.2.0/gems/actionpack-5.0.0.1/lib/action_dispatch/middleware/templates/rescues/diagnostics.text.erb (74.0ms)
Started GET "/todos" for ::1 at 2016-10-20 13:44:08 +0200
Processing by TodosController#index as HTML
  Rendering todos/index.html.erb within layouts/application
  Rendered todos/_form.html.erb (1.0ms)
  [1m[36mTodo Load (0.3ms)[0m  [1m[34mSELECT "todos".* FROM "todos" ORDER BY "todos"."id" ASC[0m
  Rendered collection of todos/_todo.html.erb [7 times] (0.9ms)
  Rendered todos/index.html.erb within layouts/application (5.5ms)
Completed 200 OK in 91ms (Views: 87.7ms | ActiveRecord: 0.3ms)


Started GET "/todos" for ::1 at 2016-10-20 13:51:28 +0200
Processing by TodosController#index as HTML
  Rendering todos/index.html.erb within layouts/application
  Rendered todos/_form.html.erb (1.0ms)
  [1m[36mTodo Load (0.3ms)[0m  [1m[34mSELECT "todos".* FROM "todos" ORDER BY "todos"."id" ASC[0m
  Rendered collection of todos/_todo.html.erb [7 times] (1.0ms)
  Rendered todos/index.html.erb within layouts/application (5.9ms)
Completed 200 OK in 87ms (Views: 83.3ms | ActiveRecord: 0.3ms)


Started POST "/todos" for ::1 at 2016-10-20 13:51:33 +0200
Processing by TodosController#create as HTML
  Parameters: {"utf8"=>"✓", "authenticity_token"=>"vkv+gudQOWx9CDhOBDA0vtJ/BpIjZQbvqyQ5qD+6TWRhotIIwd6Hi2iV+Te018FyIMD9wwi/HQPiCGQ1g0UpXg==", "todo"=>{"title"=>""}}
  [1m[35m (0.2ms)[0m  [1m[35mBEGIN[0m
  [1m[35m (0.2ms)[0m  [1m[31mROLLBACK[0m
Completed 406 Not Acceptable in 3ms (ActiveRecord: 0.3ms)


  
ActionController::UnknownFormat (ActionController::UnknownFormat):
  
app/controllers/todos_controller.rb:31:in `create'
  Rendering /Users/annedienvanamerongen/.rbenv/versions/2.2.5/lib/ruby/gems/2.2.0/gems/actionpack-5.0.0.1/lib/action_dispatch/middleware/templates/rescues/diagnostics.html.erb within rescues/layout
  Rendering /Users/annedienvanamerongen/.rbenv/versions/2.2.5/lib/ruby/gems/2.2.0/gems/actionpack-5.0.0.1/lib/action_dispatch/middleware/templates/rescues/_source.html.erb
  Rendered /Users/annedienvanamerongen/.rbenv/versions/2.2.5/lib/ruby/gems/2.2.0/gems/actionpack-5.0.0.1/lib/action_dispatch/middleware/templates/rescues/_source.html.erb (8.4ms)
  Rendering /Users/annedienvanamerongen/.rbenv/versions/2.2.5/lib/ruby/gems/2.2.0/gems/actionpack-5.0.0.1/lib/action_dispatch/middleware/templates/rescues/_trace.html.erb
  Rendered /Users/annedienvanamerongen/.rbenv/versions/2.2.5/lib/ruby/gems/2.2.0/gems/actionpack-5.0.0.1/lib/action_dispatch/middleware/templates/rescues/_trace.html.erb (2.0ms)
  Rendering /Users/annedienvanamerongen/.rbenv/versions/2.2.5/lib/ruby/gems/2.2.0/gems/actionpack-5.0.0.1/lib/action_dispatch/middleware/templates/rescues/_request_and_response.html.erb
  Rendered /Users/annedienvanamerongen/.rbenv/versions/2.2.5/lib/ruby/gems/2.2.0/gems/actionpack-5.0.0.1/lib/action_dispatch/middleware/templates/rescues/_request_and_response.html.erb (1.1ms)
  Rendered /Users/annedienvanamerongen/.rbenv/versions/2.2.5/lib/ruby/gems/2.2.0/gems/actionpack-5.0.0.1/lib/action_dispatch/middleware/templates/rescues/diagnostics.html.erb within rescues/layout (91.4ms)
Started POST "/todos" for ::1 at 2016-10-20 13:51:46 +0200
Processing by TodosController#create as HTML
  Parameters: {"utf8"=>"✓", "authenticity_token"=>"vkv+gudQOWx9CDhOBDA0vtJ/BpIjZQbvqyQ5qD+6TWRhotIIwd6Hi2iV+Te018FyIMD9wwi/HQPiCGQ1g0UpXg==", "todo"=>{"title"=>"gg"}}
  [1m[35m (0.2ms)[0m  [1m[35mBEGIN[0m
  [1m[35mSQL (0.6ms)[0m  [1m[32mINSERT INTO "todos" ("title", "created_at", "updated_at") VALUES ($1, $2, $3) RETURNING "id"[0m  [["title", "gg"], ["created_at", 2016-10-20 11:51:46 UTC], ["updated_at", 2016-10-20 11:51:46 UTC]]
  [1m[35m (110.2ms)[0m  [1m[35mCOMMIT[0m
Redirected to http://localhost:3000/todos
Completed 302 Found in 115ms (ActiveRecord: 111.0ms)


Started GET "/todos" for ::1 at 2016-10-20 13:51:46 +0200
Processing by TodosController#index as HTML
  Rendering todos/index.html.erb within layouts/application
  Rendered todos/_form.html.erb (1.0ms)
  [1m[36mTodo Load (0.3ms)[0m  [1m[34mSELECT "todos".* FROM "todos" ORDER BY "todos"."id" ASC[0m
  Rendered collection of todos/_todo.html.erb [8 times] (0.9ms)
  Rendered todos/index.html.erb within layouts/application (6.2ms)
Completed 200 OK in 28ms (Views: 24.6ms | ActiveRecord: 0.3ms)


Started POST "/todos" for ::1 at 2016-10-20 13:51:53 +0200
Processing by TodosController#create as HTML
  Parameters: {"utf8"=>"✓", "authenticity_token"=>"0DcHPxHsm2q6j3kiIixLg+q+GkkZdTbfRdXufBaJzz0P3iu1N2Ilja8SuFuSy75PGAHhGDKvLTMM+bPhqnarBw==", "todo"=>{"title"=>""}}
  [1m[35m (0.1ms)[0m  [1m[35mBEGIN[0m
  [1m[35m (0.2ms)[0m  [1m[31mROLLBACK[0m
Completed 406 Not Acceptable in 3ms (ActiveRecord: 0.3ms)


  
ActionController::UnknownFormat (ActionController::UnknownFormat):
  
app/controllers/todos_controller.rb:31:in `create'
  Rendering /Users/annedienvanamerongen/.rbenv/versions/2.2.5/lib/ruby/gems/2.2.0/gems/actionpack-5.0.0.1/lib/action_dispatch/middleware/templates/rescues/diagnostics.html.erb within rescues/layout
  Rendering /Users/annedienvanamerongen/.rbenv/versions/2.2.5/lib/ruby/gems/2.2.0/gems/actionpack-5.0.0.1/lib/action_dispatch/middleware/templates/rescues/_source.html.erb
  Rendered /Users/annedienvanamerongen/.rbenv/versions/2.2.5/lib/ruby/gems/2.2.0/gems/actionpack-5.0.0.1/lib/action_dispatch/middleware/templates/rescues/_source.html.erb (4.5ms)
  Rendering /Users/annedienvanamerongen/.rbenv/versions/2.2.5/lib/ruby/gems/2.2.0/gems/actionpack-5.0.0.1/lib/action_dispatch/middleware/templates/rescues/_trace.html.erb
  Rendered /Users/annedienvanamerongen/.rbenv/versions/2.2.5/lib/ruby/gems/2.2.0/gems/actionpack-5.0.0.1/lib/action_dispatch/middleware/templates/rescues/_trace.html.erb (2.4ms)
  Rendering /Users/annedienvanamerongen/.rbenv/versions/2.2.5/lib/ruby/gems/2.2.0/gems/actionpack-5.0.0.1/lib/action_dispatch/middleware/templates/rescues/_request_and_response.html.erb
  Rendered /Users/annedienvanamerongen/.rbenv/versions/2.2.5/lib/ruby/gems/2.2.0/gems/actionpack-5.0.0.1/lib/action_dispatch/middleware/templates/rescues/_request_and_response.html.erb (1.3ms)
  Rendered /Users/annedienvanamerongen/.rbenv/versions/2.2.5/lib/ruby/gems/2.2.0/gems/actionpack-5.0.0.1/lib/action_dispatch/middleware/templates/rescues/diagnostics.html.erb within rescues/layout (85.2ms)
Started POST "/todos" for ::1 at 2016-10-20 13:59:08 +0200
  
SyntaxError (/Users/annedienvanamerongen/Documents/todo_ajax/app/controllers/todos_controller.rb:73: syntax error, unexpected end-of-input, expecting keyword_end):
  
app/controllers/todos_controller.rb:73: syntax error, unexpected end-of-input, expecting keyword_end
  Rendering /Users/annedienvanamerongen/.rbenv/versions/2.2.5/lib/ruby/gems/2.2.0/gems/actionpack-5.0.0.1/lib/action_dispatch/middleware/templates/rescues/diagnostics.html.erb within rescues/layout
  Rendering /Users/annedienvanamerongen/.rbenv/versions/2.2.5/lib/ruby/gems/2.2.0/gems/actionpack-5.0.0.1/lib/action_dispatch/middleware/templates/rescues/_source.html.erb
  Rendered /Users/annedienvanamerongen/.rbenv/versions/2.2.5/lib/ruby/gems/2.2.0/gems/actionpack-5.0.0.1/lib/action_dispatch/middleware/templates/rescues/_source.html.erb (5.6ms)
  Rendering /Users/annedienvanamerongen/.rbenv/versions/2.2.5/lib/ruby/gems/2.2.0/gems/actionpack-5.0.0.1/lib/action_dispatch/middleware/templates/rescues/_trace.html.erb
  Rendered /Users/annedienvanamerongen/.rbenv/versions/2.2.5/lib/ruby/gems/2.2.0/gems/actionpack-5.0.0.1/lib/action_dispatch/middleware/templates/rescues/_trace.html.erb (2.1ms)
  Rendering /Users/annedienvanamerongen/.rbenv/versions/2.2.5/lib/ruby/gems/2.2.0/gems/actionpack-5.0.0.1/lib/action_dispatch/middleware/templates/rescues/_request_and_response.html.erb
  Rendered /Users/annedienvanamerongen/.rbenv/versions/2.2.5/lib/ruby/gems/2.2.0/gems/actionpack-5.0.0.1/lib/action_dispatch/middleware/templates/rescues/_request_and_response.html.erb (1.4ms)
  Rendered /Users/annedienvanamerongen/.rbenv/versions/2.2.5/lib/ruby/gems/2.2.0/gems/actionpack-5.0.0.1/lib/action_dispatch/middleware/templates/rescues/diagnostics.html.erb within rescues/layout (87.7ms)
Started POST "/todos" for ::1 at 2016-10-20 14:00:21 +0200
Processing by TodosController#create as HTML
  Parameters: {"utf8"=>"✓", "authenticity_token"=>"0DcHPxHsm2q6j3kiIixLg+q+GkkZdTbfRdXufBaJzz0P3iu1N2Ilja8SuFuSy75PGAHhGDKvLTMM+bPhqnarBw==", "todo"=>{"title"=>""}}
  [1m[35m (0.2ms)[0m  [1m[35mBEGIN[0m
  [1m[35m (0.1ms)[0m  [1m[31mROLLBACK[0m
  Rendering todos/new.html.erb within layouts/application
  Rendered todos/_form.html.erb (1.4ms)
  Rendered todos/new.html.erb within layouts/application (3.0ms)
Completed 200 OK in 28ms (Views: 19.0ms | ActiveRecord: 0.3ms)


Started POST "/todos" for ::1 at 2016-10-20 14:01:10 +0200
Processing by TodosController#create as HTML
  Parameters: {"utf8"=>"✓", "authenticity_token"=>"7/FGgDUMZVZ97WoIZHpEvIOtXBlSibLSUV6nm3UwFi0wGGoKE4LbsWhwq3HUnbFwcRKnSHlTqT4YcvoGyc9yFw==", "todo"=>{"title"=>"ggg"}}
  [1m[35m (0.3ms)[0m  [1m[35mBEGIN[0m
  [1m[35mSQL (0.6ms)[0m  [1m[32mINSERT INTO "todos" ("title", "created_at", "updated_at") VALUES ($1, $2, $3) RETURNING "id"[0m  [["title", "ggg"], ["created_at", 2016-10-20 12:01:10 UTC], ["updated_at", 2016-10-20 12:01:10 UTC]]
  [1m[35m (2.2ms)[0m  [1m[35mCOMMIT[0m
Redirected to http://localhost:3000/todos
Completed 302 Found in 9ms (ActiveRecord: 3.1ms)


Started GET "/todos" for ::1 at 2016-10-20 14:01:10 +0200
Processing by TodosController#index as HTML
  Rendering todos/index.html.erb within layouts/application
  Rendered todos/_form.html.erb (1.1ms)
  [1m[36mTodo Load (0.3ms)[0m  [1m[34mSELECT "todos".* FROM "todos" ORDER BY "todos"."id" ASC[0m
  Rendered collection of todos/_todo.html.erb [9 times] (1.0ms)
  Rendered todos/index.html.erb within layouts/application (6.2ms)
Completed 200 OK in 26ms (Views: 24.0ms | ActiveRecord: 0.3ms)


Started GET "/todos" for ::1 at 2016-10-20 14:01:15 +0200
Processing by TodosController#index as HTML
  Rendering todos/index.html.erb within layouts/application
  Rendered todos/_form.html.erb (1.9ms)
  [1m[36mTodo Load (0.3ms)[0m  [1m[34mSELECT "todos".* FROM "todos" ORDER BY "todos"."id" ASC[0m
  Rendered collection of todos/_todo.html.erb [9 times] (2.2ms)
  Rendered todos/index.html.erb within layouts/application (13.5ms)
Completed 200 OK in 39ms (Views: 34.8ms | ActiveRecord: 0.3ms)


Started GET "/todos" for ::1 at 2016-10-20 14:01:17 +0200
Processing by TodosController#index as HTML
  Rendering todos/index.html.erb within layouts/application
  Rendered todos/_form.html.erb (1.2ms)
  [1m[36mTodo Load (0.5ms)[0m  [1m[34mSELECT "todos".* FROM "todos" ORDER BY "todos"."id" ASC[0m
  Rendered collection of todos/_todo.html.erb [9 times] (2.0ms)
  Rendered todos/index.html.erb within layouts/application (9.6ms)
Completed 200 OK in 39ms (Views: 35.4ms | ActiveRecord: 0.5ms)


Started GET "/todos" for ::1 at 2016-10-20 14:01:20 +0200
Processing by TodosController#index as HTML
  Rendering todos/index.html.erb within layouts/application
  Rendered todos/_form.html.erb (2.8ms)
  [1m[36mTodo Load (1.1ms)[0m  [1m[34mSELECT "todos".* FROM "todos" ORDER BY "todos"."id" ASC[0m
  Rendered collection of todos/_todo.html.erb [9 times] (1.3ms)
  Rendered todos/index.html.erb within layouts/application (11.6ms)
Completed 200 OK in 44ms (Views: 38.7ms | ActiveRecord: 1.1ms)


Started GET "/todos" for ::1 at 2016-10-20 14:01:23 +0200
Processing by TodosController#index as HTML
  Rendering todos/index.html.erb within layouts/application
  Rendered todos/_form.html.erb (1.0ms)
  [1m[36mTodo Load (0.3ms)[0m  [1m[34mSELECT "todos".* FROM "todos" ORDER BY "todos"."id" ASC[0m
  Rendered collection of todos/_todo.html.erb [9 times] (1.5ms)
  Rendered todos/index.html.erb within layouts/application (6.5ms)
Completed 200 OK in 22ms (Views: 19.8ms | ActiveRecord: 0.3ms)


Started GET "/" for ::1 at 2016-10-20 14:01:32 +0200
Processing by TodosController#index as HTML
  Rendering todos/index.html.erb within layouts/application
  Rendered todos/_form.html.erb (1.0ms)
  [1m[36mTodo Load (0.3ms)[0m  [1m[34mSELECT "todos".* FROM "todos" ORDER BY "todos"."id" ASC[0m
  Rendered collection of todos/_todo.html.erb [9 times] (1.0ms)
  Rendered todos/index.html.erb within layouts/application (6.0ms)
Completed 200 OK in 24ms (Views: 21.7ms | ActiveRecord: 0.3ms)


Started GET "/" for ::1 at 2016-10-20 14:01:35 +0200
Processing by TodosController#index as HTML
  Rendering todos/index.html.erb within layouts/application
  Rendered todos/_form.html.erb (1.5ms)
  [1m[36mTodo Load (0.4ms)[0m  [1m[34mSELECT "todos".* FROM "todos" ORDER BY "todos"."id" ASC[0m
  Rendered collection of todos/_todo.html.erb [9 times] (1.0ms)
  Rendered todos/index.html.erb within layouts/application (8.0ms)
Completed 200 OK in 29ms (Views: 24.8ms | ActiveRecord: 0.4ms)


Started GET "/" for ::1 at 2016-10-20 14:01:43 +0200
Processing by TodosController#index as HTML
  Rendering todos/index.html.erb within layouts/application
  Rendered todos/_form.html.erb (4.0ms)
  [1m[36mTodo Load (0.4ms)[0m  [1m[34mSELECT "todos".* FROM "todos" ORDER BY "todos"."id" ASC[0m
  Rendered collection of todos/_todo.html.erb [9 times] (1.7ms)
  Rendered todos/index.html.erb within layouts/application (11.3ms)
Completed 200 OK in 35ms (Views: 31.5ms | ActiveRecord: 0.4ms)


Started GET "/" for ::1 at 2016-10-20 14:03:30 +0200
Processing by TodosController#index as HTML
  Rendering todos/index.html.erb within layouts/application
  Rendered todos/_form.html.erb (1.0ms)
  [1m[36mTodo Load (0.3ms)[0m  [1m[34mSELECT "todos".* FROM "todos" ORDER BY "todos"."id" ASC[0m
  Rendered collection of todos/_todo.html.erb [9 times] (1.0ms)
  Rendered todos/index.html.erb within layouts/application (5.8ms)
Completed 200 OK in 22ms (Views: 19.5ms | ActiveRecord: 0.3ms)


Started GET "/" for ::1 at 2016-10-20 14:03:38 +0200
Processing by TodosController#index as HTML
  Rendering todos/index.html.erb within layouts/application
  Rendered todos/_form.html.erb (1.8ms)
  [1m[36mTodo Load (0.3ms)[0m  [1m[34mSELECT "todos".* FROM "todos" ORDER BY "todos"."id" ASC[0m
  Rendered collection of todos/_todo.html.erb [9 times] (1.6ms)
  Rendered todos/index.html.erb within layouts/application (8.9ms)
Completed 200 OK in 33ms (Views: 29.9ms | ActiveRecord: 0.3ms)


Started GET "/" for ::1 at 2016-10-20 14:04:30 +0200
  [1m[36mActiveRecord::SchemaMigration Load (0.4ms)[0m  [1m[34mSELECT "schema_migrations".* FROM "schema_migrations"[0m
Processing by TodosController#index as HTML
  Rendering todos/index.html.erb within layouts/application
  Rendered todos/_form.html.erb (16.8ms)
  [1m[36mTodo Load (0.6ms)[0m  [1m[34mSELECT "todos".* FROM "todos" ORDER BY "todos"."id" ASC[0m
  Rendered collection of todos/_todo.html.erb [9 times] (1.2ms)
  Rendered todos/index.html.erb within layouts/application (25.5ms)
Completed 200 OK in 416ms (Views: 383.2ms | ActiveRecord: 6.3ms)


Started GET "/" for ::1 at 2016-10-20 14:04:48 +0200
Processing by TodosController#index as HTML
  Rendering todos/index.html.erb within layouts/application
  Rendered todos/_form.html.erb (2.2ms)
  [1m[36mTodo Load (0.4ms)[0m  [1m[34mSELECT "todos".* FROM "todos" ORDER BY "todos"."id" ASC[0m
  Rendered collection of todos/_todo.html.erb [9 times] (1.8ms)
  Rendered todos/index.html.erb within layouts/application (10.4ms)
Completed 200 OK in 40ms (Views: 36.2ms | ActiveRecord: 0.4ms)


Started GET "/" for ::1 at 2016-10-20 14:12:24 +0200
Processing by TodosController#index as HTML
  Rendering todos/index.html.erb within layouts/application
  Rendered todos/_form.html.erb (1.4ms)
  [1m[36mTodo Load (0.3ms)[0m  [1m[34mSELECT "todos".* FROM "todos" ORDER BY "todos"."id" ASC[0m
  Rendered collection of todos/_todo.html.erb [9 times] (0.9ms)
  Rendered todos/index.html.erb within layouts/application (8.8ms)
Completed 200 OK in 119ms (Views: 117.2ms | ActiveRecord: 0.3ms)


Started POST "/todos.json" for ::1 at 2016-10-20 14:12:29 +0200
Processing by TodosController#create as JSON
  Parameters: {"todo"=>{"title"=>"vvv", "completed"=>false}}
  [1m[35m (0.2ms)[0m  [1m[35mBEGIN[0m
  [1m[35mSQL (0.8ms)[0m  [1m[32mINSERT INTO "todos" ("title", "created_at", "updated_at") VALUES ($1, $2, $3) RETURNING "id"[0m  [["title", "vvv"], ["created_at", 2016-10-20 12:12:29 UTC], ["updated_at", 2016-10-20 12:12:29 UTC]]
  [1m[35m (5.7ms)[0m  [1m[35mCOMMIT[0m
Completed 406 Not Acceptable in 16ms (ActiveRecord: 6.7ms)


  
ActionController::UnknownFormat (ActionController::UnknownFormat):
  
app/controllers/todos_controller.rb:31:in `create'
  Rendering /Users/annedienvanamerongen/.rbenv/versions/2.2.5/lib/ruby/gems/2.2.0/gems/actionpack-5.0.0.1/lib/action_dispatch/middleware/templates/rescues/diagnostics.text.erb
  Rendering /Users/annedienvanamerongen/.rbenv/versions/2.2.5/lib/ruby/gems/2.2.0/gems/actionpack-5.0.0.1/lib/action_dispatch/middleware/templates/rescues/_source.text.erb
  Rendered /Users/annedienvanamerongen/.rbenv/versions/2.2.5/lib/ruby/gems/2.2.0/gems/actionpack-5.0.0.1/lib/action_dispatch/middleware/templates/rescues/_source.text.erb (0.9ms)
  Rendering /Users/annedienvanamerongen/.rbenv/versions/2.2.5/lib/ruby/gems/2.2.0/gems/actionpack-5.0.0.1/lib/action_dispatch/middleware/templates/rescues/_trace.text.erb
  Rendered /Users/annedienvanamerongen/.rbenv/versions/2.2.5/lib/ruby/gems/2.2.0/gems/actionpack-5.0.0.1/lib/action_dispatch/middleware/templates/rescues/_trace.text.erb (0.9ms)
  Rendering /Users/annedienvanamerongen/.rbenv/versions/2.2.5/lib/ruby/gems/2.2.0/gems/actionpack-5.0.0.1/lib/action_dispatch/middleware/templates/rescues/_request_and_response.text.erb
  Rendered /Users/annedienvanamerongen/.rbenv/versions/2.2.5/lib/ruby/gems/2.2.0/gems/actionpack-5.0.0.1/lib/action_dispatch/middleware/templates/rescues/_request_and_response.text.erb (1.1ms)
  Rendered /Users/annedienvanamerongen/.rbenv/versions/2.2.5/lib/ruby/gems/2.2.0/gems/actionpack-5.0.0.1/lib/action_dispatch/middleware/templates/rescues/diagnostics.text.erb (72.5ms)
Started GET "/" for ::1 at 2016-10-20 14:20:11 +0200
Processing by TodosController#index as HTML
  Rendering todos/index.html.erb within layouts/application
  Rendered todos/_form.html.erb (1.5ms)
  [1m[36mTodo Load (0.8ms)[0m  [1m[34mSELECT "todos".* FROM "todos" ORDER BY "todos"."id" ASC[0m
  Rendered collection of todos/_todo.html.erb [10 times] (1.1ms)
  Rendered todos/index.html.erb within layouts/application (8.3ms)
Completed 200 OK in 86ms (Views: 83.7ms | ActiveRecord: 0.8ms)


Started POST "/todos.json" for ::1 at 2016-10-20 14:20:33 +0200
Processing by TodosController#create as JSON
  Parameters: {"todo"=>{"title"=>"", "completed"=>false}}
  [1m[35m (0.2ms)[0m  [1m[35mBEGIN[0m
  [1m[35m (0.2ms)[0m  [1m[31mROLLBACK[0m
Completed 422 Unprocessable Entity in 16ms (Views: 0.2ms | ActiveRecord: 0.4ms)


Started POST "/todos.json" for ::1 at 2016-10-20 14:21:16 +0200
Processing by TodosController#create as JSON
  Parameters: {"todo"=>{"title"=>"", "completed"=>false}}
  [1m[35m (0.3ms)[0m  [1m[35mBEGIN[0m
  [1m[35m (0.2ms)[0m  [1m[31mROLLBACK[0m
Completed 422 Unprocessable Entity in 6ms (Views: 0.3ms | ActiveRecord: 0.5ms)


Started POST "/todos.json" for ::1 at 2016-10-20 14:21:56 +0200
Processing by TodosController#create as JSON
  Parameters: {"todo"=>{"title"=>"", "completed"=>false}}
  [1m[35m (0.2ms)[0m  [1m[35mBEGIN[0m
  [1m[35m (0.2ms)[0m  [1m[31mROLLBACK[0m
Completed 422 Unprocessable Entity in 5ms (Views: 0.3ms | ActiveRecord: 0.5ms)


Started POST "/todos.json" for ::1 at 2016-10-20 14:22:01 +0200
Processing by TodosController#create as JSON
  Parameters: {"todo"=>{"title"=>"", "completed"=>false}}
  [1m[35m (0.3ms)[0m  [1m[35mBEGIN[0m
  [1m[35m (0.3ms)[0m  [1m[31mROLLBACK[0m
Completed 422 Unprocessable Entity in 6ms (Views: 0.4ms | ActiveRecord: 0.6ms)


Started POST "/todos.json" for ::1 at 2016-10-20 14:23:22 +0200
Processing by TodosController#create as JSON
  Parameters: {"todo"=>{"title"=>" ", "completed"=>false}}
  [1m[35m (0.2ms)[0m  [1m[35mBEGIN[0m
  [1m[35m (0.2ms)[0m  [1m[31mROLLBACK[0m
Completed 422 Unprocessable Entity in 5ms (Views: 0.2ms | ActiveRecord: 0.4ms)


